2025-09-18 14:23:04,421 - INFO - ****************************** Starting tests... **********************
2025-09-18 14:23:11,489 - INFO - ****************************** TAGS: The_Internet_1, uida1982752441, set21, test001, Form_Authentication ******************************
2025-09-18 14:23:11,489 - INFO - ****** Scenario started: Form Authentication -- @1.1  ******
2025-09-18 14:23:11,491 - INFO - ****** Step started:<given "I have access to application">******
2025-09-18 14:23:14,904 - INFO - Successfully navigated to URL: https://the-internet.herokuapp.com/
2025-09-18 14:23:14,926 - INFO - ****** Step ended: <given "I have access to application"> | Status:PASSED******
2025-09-18 14:23:14,926 - INFO - ****** Step started:<when "I scroll and click Form Auth link in the internet">******
2025-09-18 14:23:15,885 - INFO - Scrolled and clicked using JavaScript
2025-09-18 14:23:15,902 - INFO - ****** Step ended: <when "I scroll and click Form Auth link in the internet"> | Status:PASSED******
2025-09-18 14:23:15,903 - INFO - ****** Step started:<when "I entered Username_TB in form authentication as 'Username_TB'">******
2025-09-18 14:23:16,133 - INFO - Entered Value is : tomsmith
2025-09-18 14:23:16,351 - INFO - ****** Step ended: <when "I entered Username_TB in form authentication as 'Username_TB'"> | Status:PASSED******
2025-09-18 14:23:16,351 - INFO - ****** Step started:<when "I clear text Username_TB in form authentication">******
2025-09-18 14:23:16,496 - INFO - Selected all text in Username_TB
2025-09-18 14:23:16,570 - INFO - Cleared text in Username_TB
2025-09-18 14:23:16,780 - INFO - ****** Step ended: <when "I clear text Username_TB in form authentication"> | Status:PASSED******
2025-09-18 14:23:16,780 - INFO - ****** Step started:<when "I copied text Login page_TB in form authentication">******
2025-09-18 14:23:16,854 - INFO - Copied Text : Login Page
2025-09-18 14:23:16,990 - INFO - ****** Step ended: <when "I copied text Login page_TB in form authentication"> | Status:PASSED******
2025-09-18 14:23:16,990 - INFO - ****** Step started:<when "I enter copied text Username_TB in form authentication">******
2025-09-18 14:23:17,112 - INFO - Enter Copied Text :Login Page
2025-09-18 14:23:17,250 - INFO - ****** Step ended: <when "I enter copied text Username_TB in form authentication"> | Status:PASSED******
2025-09-18 14:23:17,259 - INFO - ****** Step started:<when "I clear and enter text Username_TB in form authentication as 'Username_TB_1'">******
2025-09-18 14:23:18,440 - INFO - Entered Value is : wrong value
2025-09-18 14:23:18,604 - INFO - ****** Step ended: <when "I clear and enter text Username_TB in form authentication as 'Username_TB_1'"> | Status:PASSED******
2025-09-18 14:23:18,605 - INFO - ****** Step started:<when "I clear text Username_TB in form authentication">******
2025-09-18 14:23:18,693 - INFO - Selected all text in Username_TB
2025-09-18 14:23:18,735 - INFO - Cleared text in Username_TB
2025-09-18 14:23:18,883 - INFO - ****** Step ended: <when "I clear text Username_TB in form authentication"> | Status:PASSED******
2025-09-18 14:23:18,883 - INFO - ****** Step started:<when "I copied text usename head_link in form authentication">******
2025-09-18 14:23:18,950 - INFO - Copied Text : Username
2025-09-18 14:23:19,091 - INFO - ****** Step ended: <when "I copied text usename head_link in form authentication"> | Status:PASSED******
2025-09-18 14:23:19,091 - INFO - ****** Step started:<when "I enter copied text Username_TB in form authentication">******
2025-09-18 14:23:19,216 - INFO - Enter Copied Text :Username
2025-09-18 14:23:19,369 - INFO - ****** Step ended: <when "I enter copied text Username_TB in form authentication"> | Status:PASSED******
2025-09-18 14:23:19,369 - INFO - ****** Step started:<when "I copied text password head_label in form authentication">******
2025-09-18 14:23:19,430 - INFO - Copied Text : Password
2025-09-18 14:23:19,579 - INFO - ****** Step ended: <when "I copied text password head_label in form authentication"> | Status:PASSED******
2025-09-18 14:23:19,580 - INFO - ****** Step started:<when "I enter copied text Username_TB in form authentication">******
2025-09-18 14:23:19,723 - INFO - Enter Copied Text :Password
2025-09-18 14:23:19,902 - INFO - ****** Step ended: <when "I enter copied text Username_TB in form authentication"> | Status:PASSED******
2025-09-18 14:23:19,902 - INFO - ****** Step started:<when "I entered Password_TA in form authentication as 'Password_TA'">******
2025-09-18 14:23:20,060 - INFO - Entered Value is : SuperSecretPassword!
2025-09-18 14:23:20,235 - INFO - ****** Step ended: <when "I entered Password_TA in form authentication as 'Password_TA'"> | Status:PASSED******
2025-09-18 14:23:20,241 - INFO - ****** Step started:<when "I clear text Password_TA in form authentication">******
2025-09-18 14:23:20,344 - INFO - Selected all text in Password_TA
2025-09-18 14:23:20,380 - INFO - Cleared text in Password_TA
2025-09-18 14:23:20,574 - INFO - ****** Step ended: <when "I clear text Password_TA in form authentication"> | Status:PASSED******
2025-09-18 14:23:20,575 - INFO - ****** Step started:<when "I entered Password_TA in form authentication as 'Password_TA_1'">******
2025-09-18 14:23:20,672 - INFO - Entered Value is : wrong enter
2025-09-18 14:23:20,829 - INFO - ****** Step ended: <when "I entered Password_TA in form authentication as 'Password_TA_1'"> | Status:PASSED******
2025-09-18 14:23:20,831 - INFO - ****** Step started:<when "I clear and enter text Password_TA in form authentication as 'Password_TA_2'">******
2025-09-18 14:23:22,000 - INFO - Entered Value is : correct value
2025-09-18 14:23:22,153 - INFO - ****** Step ended: <when "I clear and enter text Password_TA in form authentication as 'Password_TA_2'"> | Status:PASSED******
2025-09-18 14:23:22,156 - INFO - ****** Step started:<when "I selected Login_button in form authentication">******
2025-09-18 14:23:22,888 - INFO - Login_button selected successfully
2025-09-18 14:23:23,067 - INFO - ****** Step ended: <when "I selected Login_button in form authentication"> | Status:PASSED******
2025-09-18 14:23:23,069 - INFO - ****** Step started:<then "'Form Authentication' is displayed with 'NA'">******
2025-09-18 14:23:23,269 - INFO - ****** Step ended: <then "'Form Authentication' is displayed with 'NA'"> | Status:PASSED******
2025-09-18 14:23:25,673 - INFO - ******Scenario ended:Form Authentication -- @1.1 PASSED ******
